{
  "stats": {
    "suites": 1,
    "tests": 11,
    "passes": 10,
    "pending": 0,
    "failures": 1,
    "start": "2024-08-10T04:47:55.615Z",
    "end": "2024-08-10T04:48:24.472Z",
    "duration": 28857,
    "testsRegistered": 11,
    "passPercent": 90.9090909090909,
    "pendingPercent": 0,
    "other": 0,
    "hasOther": false,
    "skipped": 0,
    "hasSkipped": false
  },
  "results": [
    {
      "uuid": "c0c6a7ff-9716-4323-a6a0-f1a1a1f887af",
      "title": "",
      "fullFile": "C:\\Users\\ert53dgfu\\Desktop\\Test\\facebook_test.js",
      "file": "\\facebook_test.js",
      "beforeHooks": [],
      "afterHooks": [],
      "tests": [],
      "suites": [
        {
          "uuid": "d6ee2d4f-af72-41bf-b184-8b230eb32410",
          "title": "Prueba de Automatizacion de Facebook",
          "fullFile": "C:\\Users\\ert53dgfu\\Desktop\\Test\\facebook_test.js",
          "file": "\\facebook_test.js",
          "beforeHooks": [
            {
              "title": "\"before all\" hook in \"Prueba de Automatizacion de Facebook\"",
              "fullTitle": "Prueba de Automatizacion de Facebook \"before all\" hook in \"Prueba de Automatizacion de Facebook\"",
              "timedOut": false,
              "duration": 2555,
              "state": null,
              "speed": null,
              "pass": false,
              "fail": false,
              "pending": false,
              "context": null,
              "code": "// Configurar las opciones de Chrome\nlet options = new chrome.Options();\n  \n\n// Desactivar notificaciones\noptions.addArguments('--disable-notifications');\n// Iniciar el navegador con las opciones configuradas\ndriver = await new Builder()\n    .forBrowser('chrome')\n    .setChromeOptions(options)\n    .build();",
              "err": {},
              "uuid": "9e62f90f-ba2a-4dcd-a578-2b9224b06899",
              "parentUUID": "d6ee2d4f-af72-41bf-b184-8b230eb32410",
              "isHook": true,
              "skipped": false
            }
          ],
          "afterHooks": [
            {
              "title": "\"after all\" hook in \"Prueba de Automatizacion de Facebook\"",
              "fullTitle": "Prueba de Automatizacion de Facebook \"after all\" hook in \"Prueba de Automatizacion de Facebook\"",
              "timedOut": false,
              "duration": 127,
              "state": null,
              "speed": null,
              "pass": false,
              "fail": false,
              "pending": false,
              "context": null,
              "code": "await driver.quit();",
              "err": {},
              "uuid": "e992e831-a490-4a0f-be3b-049cc267ad53",
              "parentUUID": "d6ee2d4f-af72-41bf-b184-8b230eb32410",
              "isHook": true,
              "skipped": false
            }
          ],
          "tests": [
            {
              "title": "fallar al iniciar sesión con datos incorrectos",
              "fullTitle": "Prueba de Automatizacion de Facebook fallar al iniciar sesión con datos incorrectos",
              "timedOut": false,
              "duration": 3024,
              "state": "passed",
              "speed": "slow",
              "pass": true,
              "fail": false,
              "pending": false,
              "context": null,
              "code": "await driver.get(\"https://www.facebook.com\");\nawait driver.findElement(By.id(\"email\")).sendKeys(\"usuariomalo@kio.do\");\nawait driver.findElement(By.id(\"pass\")).sendKeys(\"prueba123\", Key.RETURN);\nawait driver.wait(until.elementLocated(By.xpath('//*[@id=\"email_container\"]/div[2]/a')),10000\n);\nconst mensajeError = await driver.findElement(By.xpath('//*[@id=\"email_container\"]/div[2]/a'));\nassert(mensajeError, \"falló correctamente\");",
              "err": {},
              "uuid": "9c2ea7e0-84c5-4bc3-92d3-afa88c4fa526",
              "parentUUID": "d6ee2d4f-af72-41bf-b184-8b230eb32410",
              "isHook": false,
              "skipped": false
            },
            {
              "title": "lograr iniciar sesión correctamente",
              "fullTitle": "Prueba de Automatizacion de Facebook lograr iniciar sesión correctamente",
              "timedOut": false,
              "duration": 5756,
              "state": "passed",
              "speed": "slow",
              "pass": true,
              "fail": false,
              "pending": false,
              "context": null,
              "code": "await driver.get(\"https://www.facebook.com\");\nawait driver\n    .findElement(By.id(\"email\"))\n    .sendKeys(\"sda20210083@yopmail.com\");\nawait driver.findElement(By.id(\"pass\")).sendKeys(\"s1dtvea4\", Key.RETURN);\nawait driver.wait(until.elementLocated(By.css('div[aria-label=\"Crear\"]')),10000);",
              "err": {},
              "uuid": "a9e4ea96-25f7-4cbf-8d23-c534c1f3f0c1",
              "parentUUID": "d6ee2d4f-af72-41bf-b184-8b230eb32410",
              "isHook": false,
              "skipped": false
            },
            {
              "title": "debería interactuar con el elemento \"Personas que quizá conozcas\"",
              "fullTitle": "Prueba de Automatizacion de Facebook debería interactuar con el elemento \"Personas que quizá conozcas\"",
              "timedOut": false,
              "duration": 2211,
              "state": "passed",
              "speed": "slow",
              "pass": true,
              "fail": false,
              "pending": false,
              "context": null,
              "code": "await driver.get(\"https://www.facebook.com/friends\");\nawait driver.wait(until.elementLocated(By.xpath('//span[text()=\"Personas que quizá conozcas\"]')),10000);\nconst elemento = await driver.findElement(By.xpath('//span[text()=\"Personas que quizá conozcas\"]'));\nawait elemento.click();\nassert(elemento,'El elemento con el texto \"Personas que quizá conozcas\" fue encontrado');",
              "err": {},
              "uuid": "75c7a381-70fa-4df9-a7c7-cb0ebebc1c96",
              "parentUUID": "d6ee2d4f-af72-41bf-b184-8b230eb32410",
              "isHook": false,
              "skipped": false
            },
            {
              "title": "debería hacer clic en el elemento \"Cumpleaños\"",
              "fullTitle": "Prueba de Automatizacion de Facebook debería hacer clic en el elemento \"Cumpleaños\"",
              "timedOut": false,
              "duration": 212,
              "state": "passed",
              "speed": "slow",
              "pass": true,
              "fail": false,
              "pending": false,
              "context": null,
              "code": "await driver.wait(until.elementLocated(By.xpath('//span[text()=\"Cumpleaños\"]')),10000);\nconst elemento = await driver.findElement(By.xpath('//span[text()=\"Cumpleaños\"]'));\n\nawait elemento.click();\nassert(elemento, 'El elemento con el texto \"Cumpleaños\" fue encontrado');",
              "err": {},
              "uuid": "0730bcae-d421-4396-8154-dd83094e5d0e",
              "parentUUID": "d6ee2d4f-af72-41bf-b184-8b230eb32410",
              "isHook": false,
              "skipped": false
            },
            {
              "title": "debería leer el texto del elemento de solicitudes de amistad",
              "fullTitle": "Prueba de Automatizacion de Facebook debería leer el texto del elemento de solicitudes de amistad",
              "timedOut": false,
              "duration": 1607,
              "state": "passed",
              "speed": "slow",
              "pass": true,
              "fail": false,
              "pending": false,
              "context": null,
              "code": "await driver.get(\"https://www.facebook.com/friends/requests\");\nawait driver.wait(until.elementLocated(By.css(\"h1.html-h1\")), 10000);\n\nconst elementoH1 = await driver.findElement(By.css(\"h1.html-h1\"));\nconst textoElemento = await elementoH1.getText();\nassert.strictEqual(textoElemento,\"Solicitudes de amistad\",\"El texto del elemento <h1> no es el esperado.\");",
              "err": {},
              "uuid": "834d8572-a0f6-47e7-ae6e-f98048e5e4e8",
              "parentUUID": "d6ee2d4f-af72-41bf-b184-8b230eb32410",
              "isHook": false,
              "skipped": false
            },
            {
              "title": "debería cancelar una solicitud de amistad enviada",
              "fullTitle": "Prueba de Automatizacion de Facebook debería cancelar una solicitud de amistad enviada",
              "timedOut": false,
              "duration": 2254,
              "state": "passed",
              "speed": "slow",
              "pass": true,
              "fail": false,
              "pending": false,
              "context": null,
              "code": "await driver.get(\"https://www.facebook.com/friends/requests\");\nawait driver.wait(until.elementLocated(By.xpath('//span[text()=\"Ver solicitudes enviadas\"]')), 10000);\nconst verSolicitudesEnviadas = await driver.findElement(By.xpath('//span[text()=\"Ver solicitudes enviadas\"]'));\n\nawait verSolicitudesEnviadas.click();\n   \nawait driver.wait(until.elementLocated(By.xpath('//span[text()=\"Cancelar solicitud\"]')), 10000); \nconst cancelarSolicitud = await driver.findElement(By.xpath('//span[text()=\"Cancelar solicitud\"]'));\n\nawait cancelarSolicitud.click();\nconst solicitudCancelada = await driver.wait(until.elementLocated(By.xpath('//span[contains(text(), \"Solicitud cancelada\")]')), 10000);\nassert(solicitudCancelada, \"Solicitud de amistad cancelada con éxito\");",
              "err": {},
              "uuid": "48cc8b0e-4eb9-4200-821a-c490e73064fe",
              "parentUUID": "d6ee2d4f-af72-41bf-b184-8b230eb32410",
              "isHook": false,
              "skipped": false
            },
            {
              "title": "debería mostrar tus grupos",
              "fullTitle": "Prueba de Automatizacion de Facebook debería mostrar tus grupos",
              "timedOut": false,
              "duration": 2772,
              "state": "passed",
              "speed": "slow",
              "pass": true,
              "fail": false,
              "pending": false,
              "context": null,
              "code": "await driver.get(\"https://www.facebook.com/groups/feed/\");\nawait driver.wait( until.elementLocated(By.xpath('//span[contains(text(), \"Tus grupos\")]')),10000);     \n    \nconst tusGruposElement = await driver.findElement(By.xpath('//span[contains(text(), \"Tus grupos\")]'));\nassert(tusGruposElement,\"El elemento 'Tus grupos' se ha encontrado con éxito\"); \n\nawait tusGruposElement.click();\nawait driver.wait(until.elementLocated(By.css('div[role=\"list\"]')), 10000);\nconst gruposList = await driver.findElements(By.css('div[role=\"listitem\"]'));\nconsole.log(`Se encontraron ${gruposList.length} grupos`);   \nfor (let grupo of gruposList) { const nombreGrupo = await grupo.getText();\nconsole.log(`Grupo: ${nombreGrupo}`);}",
              "err": {},
              "uuid": "de2febeb-6909-4543-a875-a182dabea227",
              "parentUUID": "d6ee2d4f-af72-41bf-b184-8b230eb32410",
              "isHook": false,
              "skipped": false
            },
            {
              "title": "debería publicar una actualización de estado",
              "fullTitle": "Prueba de Automatizacion de Facebook debería publicar una actualización de estado",
              "timedOut": false,
              "duration": 3617,
              "state": "passed",
              "speed": "slow",
              "pass": true,
              "fail": false,
              "pending": false,
              "context": null,
              "code": "await driver.get(\"https://www.facebook.com\");\nconst cajaPublicacion = await driver.findElement(By.xpath('//div[@role=\"button\" and .//span[contains(text(), \"¿Qué estás pensando, Sofix?\")]]'));\n\nawait cajaPublicacion.click();\n    \n// Esperar y seleccionar el área de texto correcta\nawait driver.wait(until.elementLocated(By.xpath('//*[@role=\"textbox\" and @aria-label=\"¿Qué estás pensando, Sofix?\"]')), 10000);\nconst areaTexto = await driver.findElement(By.xpath('//*[@role=\"textbox\" and @aria-label=\"¿Qué estás pensando, Sofix?\"]'));\n\nawait areaTexto.click(); // Asegúrate de que el área de texto esté activa\nawait areaTexto.sendKeys(\"Appletv\");\n    \n// Encontrar y hacer clic en el botón \"Publicar\"\nconst publicarElemento = await driver.findElement(By.xpath('//span[text()=\"Publicar\"]'));\n\nawait publicarElemento.click();",
              "err": {},
              "uuid": "7581903e-b761-4020-9ceb-4afbb94f88c1",
              "parentUUID": "d6ee2d4f-af72-41bf-b184-8b230eb32410",
              "isHook": false,
              "skipped": false
            },
            {
              "title": "debería dar like a una publicación",
              "fullTitle": "Prueba de Automatizacion de Facebook debería dar like a una publicación",
              "timedOut": false,
              "duration": 1167,
              "state": "failed",
              "speed": null,
              "pass": false,
              "fail": true,
              "pending": false,
              "context": null,
              "code": "await driver.wait(until.elementLocated(By.css('div[aria-label=\"Me gusta\"]')),10000);\nconst botonLike = await driver.findElement(By.css('div[aria-label=\"Me gusta\"]'));\n\nawait botonLike.click();",
              "err": {
                "message": "ElementClickInterceptedError: element click intercepted: Element <div aria-label=\"Me gusta\" class=\"x1i10hfl x1qjc9v5 xjbqb8w xjqpnuy xa49m3k xqeqjp1 x2hbi6w x13fuv20 xu3j5b3 x1q0q8m5 x26u7qi x972fbf xcfux6l x1qhh985 xm0m39n x9f619 x1ypdohk xdl72j9 x2lah0s xe8uvvx xdj266r x11i5rnm xat24cr x1mh8g0r x2lwn1j xeuugli xexx8yu x4uap5 x18d9i69 xkhd6sd x1n2onr6 x16tdsg8 x1hl2dhg x1ja2u2z x1t137rt x1o1ewxj x3x9cwd x1e5q0jg x13rtm0m x3nfvp2 x1q0g3np x87ps6o x1lku1pv x1a2a7pz x5ve5x3\" role=\"button\" tabindex=\"0\">...</div> is not clickable at point (192, 635). Other element would receive the click: <div class=\"__fb-dark-mode x1qjc9v5 x9f619 x78zum5 xdt5ytf xl56j7k x1c4vz4f xg6iff7\">...</div>\n  (Session info: chrome=127.0.6533.100)",
                "estack": "ElementClickInterceptedError: element click intercepted: Element <div aria-label=\"Me gusta\" class=\"x1i10hfl x1qjc9v5 xjbqb8w xjqpnuy xa49m3k xqeqjp1 x2hbi6w x13fuv20 xu3j5b3 x1q0q8m5 x26u7qi x972fbf xcfux6l x1qhh985 xm0m39n x9f619 x1ypdohk xdl72j9 x2lah0s xe8uvvx xdj266r x11i5rnm xat24cr x1mh8g0r x2lwn1j xeuugli xexx8yu x4uap5 x18d9i69 xkhd6sd x1n2onr6 x16tdsg8 x1hl2dhg x1ja2u2z x1t137rt x1o1ewxj x3x9cwd x1e5q0jg x13rtm0m x3nfvp2 x1q0g3np x87ps6o x1lku1pv x1a2a7pz x5ve5x3\" role=\"button\" tabindex=\"0\">...</div> is not clickable at point (192, 635). Other element would receive the click: <div class=\"__fb-dark-mode x1qjc9v5 x9f619 x78zum5 xdt5ytf xl56j7k x1c4vz4f xg6iff7\">...</div>\n  (Session info: chrome=127.0.6533.100)\n    at Object.throwDecodedError (node_modules\\selenium-webdriver\\lib\\error.js:521:15)\n    at parseHttpResponse (node_modules\\selenium-webdriver\\lib\\http.js:514:13)\n    at Executor.execute (node_modules\\selenium-webdriver\\lib\\http.js:446:28)\n    at processTicksAndRejections (node:internal/process/task_queues:96:5)\n    at async Driver.execute (node_modules\\selenium-webdriver\\lib\\webdriver.js:742:17)\n    at async Context.<anonymous> (facebook_test.js:141:9)",
                "diff": null
              },
              "uuid": "c7051064-7d21-48d1-908e-667e5902b108",
              "parentUUID": "d6ee2d4f-af72-41bf-b184-8b230eb32410",
              "isHook": false,
              "skipped": false
            },
            {
              "title": "debería comentar en una publicación",
              "fullTitle": "Prueba de Automatizacion de Facebook debería comentar en una publicación",
              "timedOut": false,
              "duration": 2420,
              "state": "passed",
              "speed": "slow",
              "pass": true,
              "fail": false,
              "pending": false,
              "context": null,
              "code": "await driver.wait(until.elementLocated(By.css('div[aria-label=\"Escribe un comentario…\"]')),10000);\nconst cajaComentario = await driver.findElement(By.css('div[aria-label=\"Escribe un comentario…\"]'));\n\nawait cajaComentario.click();\nawait cajaComentario.sendKeys(\"¡paso!\", Key.RETURN);",
              "err": {},
              "uuid": "1dfa86e3-021a-4783-b9ef-7679934e7bbf",
              "parentUUID": "d6ee2d4f-af72-41bf-b184-8b230eb32410",
              "isHook": false,
              "skipped": false
            },
            {
              "title": "debería hacer clic en el botón Enviar",
              "fullTitle": "Prueba de Automatizacion de Facebook debería hacer clic en el botón Enviar",
              "timedOut": false,
              "duration": 1111,
              "state": "passed",
              "speed": "slow",
              "pass": true,
              "fail": false,
              "pending": false,
              "context": null,
              "code": "await driver.wait(until.elementLocated(By.xpath('//span[text()=\"Enviar\"]')),10000);\nconst botonEnviar = await driver.findElement(By.xpath('//span[text()=\"Enviar\"]'));\n\nawait botonEnviar.click();",
              "err": {},
              "uuid": "8d6b469d-8b33-4d5d-8839-8ac8b7481c6b",
              "parentUUID": "d6ee2d4f-af72-41bf-b184-8b230eb32410",
              "isHook": false,
              "skipped": false
            }
          ],
          "suites": [],
          "passes": [
            "9c2ea7e0-84c5-4bc3-92d3-afa88c4fa526",
            "a9e4ea96-25f7-4cbf-8d23-c534c1f3f0c1",
            "75c7a381-70fa-4df9-a7c7-cb0ebebc1c96",
            "0730bcae-d421-4396-8154-dd83094e5d0e",
            "834d8572-a0f6-47e7-ae6e-f98048e5e4e8",
            "48cc8b0e-4eb9-4200-821a-c490e73064fe",
            "de2febeb-6909-4543-a875-a182dabea227",
            "7581903e-b761-4020-9ceb-4afbb94f88c1",
            "1dfa86e3-021a-4783-b9ef-7679934e7bbf",
            "8d6b469d-8b33-4d5d-8839-8ac8b7481c6b"
          ],
          "failures": [
            "c7051064-7d21-48d1-908e-667e5902b108"
          ],
          "pending": [],
          "skipped": [],
          "duration": 26151,
          "root": false,
          "rootEmpty": false,
          "_timeout": 30000
        }
      ],
      "passes": [],
      "failures": [],
      "pending": [],
      "skipped": [],
      "duration": 0,
      "root": true,
      "rootEmpty": true,
      "_timeout": 2000
    }
  ],
  "meta": {
    "mocha": {
      "version": "10.7.3"
    },
    "mochawesome": {
      "options": {
        "quiet": false,
        "reportFilename": "mochawesome",
        "saveHtml": true,
        "saveJson": true,
        "consoleReporter": "spec",
        "useInlineDiffs": false,
        "code": true
      },
      "version": "7.1.3"
    },
    "marge": {
      "options": null,
      "version": "6.2.0"
    }
  }
}